<?xml version="1.0" encoding="UTF-8"?>
<!-- Generated by org.testng.reporters.JUnitXMLReporter -->
<testsuite ignored="0" hostname="LAPTOP-LIQ39GJJ" failures="0" tests="13" name="Test" time="440.421" errors="0" timestamp="2023-11-19T19:35:43 IST">
  <testcase classname="com.qa.test.HealthcareApplicationTest" name="userLogin" time="16.105"/>
  <testcase classname="com.qa.test.HealthcareApplicationTest" name="verifyDashboardRedirect" time="0.02"/>
  <testcase classname="com.qa.test.HealthcareApplicationTest" name="registerPatient" time="90.623"/>
  <testcase classname="com.qa.test.HealthcareApplicationTest" name="calculateAge" time="99.826"/>
  <testcase classname="com.qa.test.HealthcareApplicationTest" name="uploadAttachment" time="40.199"/>
  <testcase classname="com.qa.test.HealthcareApplicationTest" name="verifyAttachment" time="27.996"/>
  <testcase classname="com.qa.test.HealthcareApplicationTest" name="recentEntry" time="0.176"/>
  <testcase classname="com.qa.test.HealthcareApplicationTest" name="verifyDisplayedBMI" time="48.777"/>
  <testcase classname="com.qa.test.HealthcareApplicationTest" name="calculatedBMI" time="37.92"/>
  <testcase classname="com.qa.test.HealthcareApplicationTest" name="captureVitals" time="5.245"/>
  <testcase classname="com.qa.test.HealthcareApplicationTest" name="mergeVisits" time="23.376"/>
  <testcase classname="com.qa.test.HealthcareApplicationTest" name="addPastVisit" time="12.161"/>
  <testcase classname="com.qa.test.HealthcareApplicationTest" name="deletePatient" time="8.352"/>
</testsuite> <!-- Test -->
